{"name": "test_register_success", "status": "failed", "statusDetails": {"message": "AssertionError: assert 'U Have been ...255@gmailץcom' == 'U Have been ...255@gmail.com'\n  - U Have been registered Successfully : Gasasa255@gmail.com\n  ?                                                      ^\n  + U Have been registered Successfully : Gasasa255@gmailץcom\n  ?                                                      ^", "trace": "self = <web.Tests.test_Register.TestLogin object at 0x0000013427E26200>\n\n    @allure.step\n    def test_register_success(self):\n        driver = self.driver\n        register = RegisterPage(driver)\n        register.enter_f_name('rivka')\n        register.enter_lastname('Gasasa')\n        register.enter_email('Gasasa255@gmail.com')\n        register.enter_password('123456')\n        register.enter_age('28')\n        register.enter_pic('dad1b51e-fa16-4f21-bdd4-9f027ad7d9bf.jpg')\n        register.click_register()\n        alert_message = driver.switch_to.alert\n        text_message = alert_message.text\n        alert_message.accept()\n    \n        try:\n>           assert text_message == \"U Have been registered Successfully : Gasasa255@gmail.com\"\nE           AssertionError: assert 'U Have been ...255@gmailץcom' == 'U Have been ...255@gmail.com'\nE             - U Have been registered Successfully : Gasasa255@gmail.com\nE             ?                                                      ^\nE             + U Have been registered Successfully : Gasasa255@gmailץcom\nE             ?                                                      ^\n\nweb\\Tests\\test_Register.py:28: AssertionError"}, "steps": [{"name": "test_register_success", "status": "failed", "statusDetails": {"message": "AssertionError: assert 'U Have been ...255@gmailץcom' == 'U Have been ...255@gmail.com'\n  - U Have been registered Successfully : Gasasa255@gmail.com\n  ?                                                      ^\n  + U Have been registered Successfully : Gasasa255@gmailץcom\n  ?                                                      ^\n", "trace": "  File \"C:\\Users\\User\\PycharmProjects\\POM-VOLUNTEER\\venv\\lib\\site-packages\\allure_commons\\_allure.py\", line 172, in impl\n    return func(*a, **kw)\n  File \"C:\\Users\\User\\PycharmProjects\\POM-VOLUNTEER\\web\\Tests\\test_Register.py\", line 28, in test_register_success\n    assert text_message == \"U Have been registered Successfully : Gasasa255@gmail.com\"\n"}, "steps": [{"name": "enter_f_name", "status": "passed", "parameters": [{"name": "first_name", "value": "'rivka'"}], "start": 1653551979381, "stop": 1653551979514}, {"name": "enter_lastname", "status": "passed", "parameters": [{"name": "last_name", "value": "'Gasasa'"}], "start": 1653551979514, "stop": 1653551979621}, {"name": "enter_email", "status": "passed", "parameters": [{"name": "email", "value": "'Gasasa255@gmail.com'"}], "start": 1653551979621, "stop": 1653551979735}, {"name": "enter_password", "status": "passed", "parameters": [{"name": "password", "value": "'123456'"}], "start": 1653551979735, "stop": 1653551979826}, {"name": "enter_age", "status": "passed", "parameters": [{"name": "age", "value": "'28'"}], "start": 1653551979826, "stop": 1653551979934}, {"name": "enter_pic", "status": "passed", "parameters": [{"name": "pic", "value": "'dad1b51e-fa16-4f21-bdd4-9f027ad7d9bf.jpg'"}], "start": 1653551979934, "stop": 1653551980185}, {"name": "click_register", "status": "passed", "start": 1653551980185, "stop": 1653551980351}], "start": 1653551979381, "stop": 1653551980362}], "attachments": [{"name": "log", "source": "257975bc-e292-47c2-b5af-d586afd7facd-attachment.txt", "type": "text/plain"}], "start": 1653551979380, "stop": 1653551980363, "uuid": "63effe56-2fcc-44bf-b32d-42ec92def819", "historyId": "990b6e68c2a1d992aabc695beff296ea", "testCaseId": "abbf52a134d86113673e1e04272f0a29", "fullName": "web.Tests.test_Register.TestLogin#test_register_success", "labels": [{"name": "tag", "value": "@pytest.mark.usefixtures('set_up')"}, {"name": "parentSuite", "value": "web.Tests"}, {"name": "suite", "value": "test_Register"}, {"name": "subSuite", "value": "TestLogin"}, {"name": "host", "value": "WINDOWS-L0RHJGT"}, {"name": "thread", "value": "19392-MainThread"}, {"name": "framework", "value": "pytest"}, {"name": "language", "value": "cpython3"}, {"name": "package", "value": "web.Tests.test_Register"}]}