{"name": "test_register_invalid_first_name", "status": "failed", "statusDetails": {"message": "AssertionError: assert 'U Have been ...255@gmail抓com' == 'U Have been ...255@gmail.com'\n  - U Have been registered Successfully : Gasasa255@gmail.com\n  ?                                                      ^\n  + U Have been registered Successfully : Gasasa255@gmail抓com\n  ?                                                      ^", "trace": "self = <web.Tests.test_Register.TestLogin object at 0x0000013427E260E0>\n\n    def test_register_invalid_first_name(self):\n            driver = self.driver\n            register = RegisterPage(driver)\n            register.enter_f_name('ri_ka')\n            register.enter_lastname('Gasasa')\n            register.enter_email('Gasasa255@gmail.com')\n            register.enter_password('123456')\n            register.enter_age('28')\n            register.enter_pic('dad1b51e-fa16-4f21-bdd4-9f027ad7d9bf.jpg')\n            register.click_register()\n            alert_message = driver.switch_to.alert\n            text_message = alert_message.text\n            alert_message.accept()\n    \n            try:\n>               assert text_message == \"U Have been registered Successfully : Gasasa255@gmail.com\"\nE               AssertionError: assert 'U Have been ...255@gmail抓com' == 'U Have been ...255@gmail.com'\nE                 - U Have been registered Successfully : Gasasa255@gmail.com\nE                 ?                                                      ^\nE                 + U Have been registered Successfully : Gasasa255@gmail抓com\nE                 ?                                                      ^\n\nweb\\Tests\\test_Register.py:67: AssertionError"}, "steps": [{"name": "enter_f_name", "status": "passed", "parameters": [{"name": "first_name", "value": "'ri_ka'"}], "start": 1653551994797, "stop": 1653551994907}, {"name": "enter_lastname", "status": "passed", "parameters": [{"name": "last_name", "value": "'Gasasa'"}], "start": 1653551994907, "stop": 1653551994999}, {"name": "enter_email", "status": "passed", "parameters": [{"name": "email", "value": "'Gasasa255@gmail.com'"}], "start": 1653551994999, "stop": 1653551995128}, {"name": "enter_password", "status": "passed", "parameters": [{"name": "password", "value": "'123456'"}], "start": 1653551995128, "stop": 1653551995266}, {"name": "enter_age", "status": "passed", "parameters": [{"name": "age", "value": "'28'"}], "start": 1653551995266, "stop": 1653551995402}, {"name": "enter_pic", "status": "passed", "parameters": [{"name": "pic", "value": "'dad1b51e-fa16-4f21-bdd4-9f027ad7d9bf.jpg'"}], "start": 1653551995402, "stop": 1653551995627}, {"name": "click_register", "status": "passed", "start": 1653551995627, "stop": 1653551995726}], "attachments": [{"name": "log", "source": "1b640eea-5045-4eae-ad6d-8e43f0242746-attachment.txt", "type": "text/plain"}], "start": 1653551994797, "stop": 1653551995731, "uuid": "7924f36b-51db-44a2-8d21-688cc2fa1993", "historyId": "b64692719fee83691102bb71b567de90", "testCaseId": "f131872c587fccfba338f8ffad7b6b0c", "fullName": "web.Tests.test_Register.TestLogin#test_register_invalid_first_name", "labels": [{"name": "tag", "value": "@pytest.mark.usefixtures('set_up')"}, {"name": "parentSuite", "value": "web.Tests"}, {"name": "suite", "value": "test_Register"}, {"name": "subSuite", "value": "TestLogin"}, {"name": "host", "value": "WINDOWS-L0RHJGT"}, {"name": "thread", "value": "19392-MainThread"}, {"name": "framework", "value": "pytest"}, {"name": "language", "value": "cpython3"}, {"name": "package", "value": "web.Tests.test_Register"}]}