{"name": "test_register_invalid_first_name", "status": "failed", "statusDetails": {"message": "AssertionError: assert 'U Have been ...255@gmail抓com' == 'U Have been ...255@gmail.com'\n  - U Have been registered Successfully : Gasasa255@gmail.com\n  ?                                                      ^\n  + U Have been registered Successfully : Gasasa255@gmail抓com\n  ?                                                      ^", "trace": "self = <Tests.test_Register.TestLogin object at 0x000002179BCEFD60>\n\n>   ???\nE   AssertionError: assert 'U Have been ...255@gmail抓com' == 'U Have been ...255@gmail.com'\nE     - U Have been registered Successfully : Gasasa255@gmail.com\nE     ?                                                      ^\nE     + U Have been registered Successfully : Gasasa255@gmail抓com\nE     ?                                                      ^\n\nC:\\Users\\User\\PycharmProjects\\OOP-demo\\Tests\\test_Register.py:68: AssertionError"}, "steps": [{"name": "enter_f_name", "status": "passed", "parameters": [{"name": "first_name", "value": "'ri_ka'"}], "start": 1653405768410, "stop": 1653405768584}, {"name": "enter_lastname", "status": "passed", "parameters": [{"name": "last_name", "value": "'Gasasa'"}], "start": 1653405768584, "stop": 1653405768742}, {"name": "enter_email", "status": "passed", "parameters": [{"name": "email", "value": "'Gasasa255@gmail.com'"}], "start": 1653405768742, "stop": 1653405768945}, {"name": "enter_password", "status": "passed", "parameters": [{"name": "password", "value": "'123456'"}], "start": 1653405768945, "stop": 1653405769122}, {"name": "enter_age", "status": "passed", "parameters": [{"name": "age", "value": "'28'"}], "start": 1653405769123, "stop": 1653405769265}, {"name": "enter_pic", "status": "passed", "parameters": [{"name": "pic", "value": "'dad1b51e-fa16-4f21-bdd4-9f027ad7d9bf.jpg'"}], "start": 1653405769266, "stop": 1653405769531}, {"name": "click_register", "status": "passed", "start": 1653405769531, "stop": 1653405769678}], "attachments": [{"name": "log", "source": "f9fae422-1949-4835-b026-b55a5c3daf3a-attachment.txt", "type": "text/plain"}], "start": 1653405768410, "stop": 1653405769694, "uuid": "63031a92-89df-4468-9fc8-4f3a91d3bef1", "historyId": "13af57ef5646906dcd790ef59e049439", "testCaseId": "9410e9d08c5b2d7125340c510d75f6e2", "fullName": "Tests.test_Register.TestLogin#test_register_invalid_first_name", "labels": [{"name": "tag", "value": "@pytest.mark.usefixtures('set_up')"}, {"name": "parentSuite", "value": "Tests"}, {"name": "suite", "value": "test_Register"}, {"name": "subSuite", "value": "TestLogin"}, {"name": "host", "value": "WINDOWS-L0RHJGT"}, {"name": "thread", "value": "15528-MainThread"}, {"name": "framework", "value": "pytest"}, {"name": "language", "value": "cpython3"}, {"name": "package", "value": "Tests.test_Register"}]}