{"name": "test_search_valid_product", "status": "failed", "statusDetails": {"message": "AssertionError: assert 22.060869 < 20\n +  where 22.060869 = <built-in method total_seconds of datetime.timedelta object at 0x00000280E9B00A80>()\n +    where <built-in method total_seconds of datetime.timedelta object at 0x00000280E9B00A80> = datetime.timedelta(seconds=22, microseconds=60869).total_seconds\n +      where datetime.timedelta(seconds=22, microseconds=60869) = <Response [500]>.elapsed", "trace": "self = <servertest.TestSearch object at 0x00000280E9AB27A0>\n\n    def test_search_valid_product(self):\n        url = 'https://ivolunteer-app.herokuapp.com/users/login'\n        myobj = {\"Email\": \"Gasasa255@gmail.com\",\"Password\": \"123456\"}\n        x = requests.post(url, data=myobj)\n        assert x.status_code == 500\n>       assert x.elapsed.total_seconds() < 20\nE       assert 22.060869 < 20\nE        +  where 22.060869 = <built-in method total_seconds of datetime.timedelta object at 0x00000280E9B00A80>()\nE        +    where <built-in method total_seconds of datetime.timedelta object at 0x00000280E9B00A80> = datetime.timedelta(seconds=22, microseconds=60869).total_seconds\nE        +      where datetime.timedelta(seconds=22, microseconds=60869) = <Response [500]>.elapsed\n\n..\\..\\Documents\\Project\\ivolunteer_project_POM\\server\\servertest.py:10: AssertionError"}, "start": 1653429060714, "stop": 1653429082779, "uuid": "472147cd-7908-4163-83da-949053ef4cd0", "historyId": "877612e29bbeefad9e92ec322b9444a4", "testCaseId": "6b86d72961c9c9b332bf462f354e3bb3", "fullName": "server.servertest.TestSearch#test_search_valid_product", "labels": [{"name": "parentSuite", "value": "server"}, {"name": "suite", "value": "servertest"}, {"name": "subSuite", "value": "TestSearch"}, {"name": "host", "value": "WINDOWS-L0RHJGT"}, {"name": "thread", "value": "12308-MainThread"}, {"name": "framework", "value": "pytest"}, {"name": "language", "value": "cpython3"}, {"name": "package", "value": "server.servertest"}]}