{"name": "test_search_valid_product", "status": "failed", "statusDetails": {"message": "AssertionError: assert 22.23315 < 20\n +  where 22.23315 = <built-in method total_seconds of datetime.timedelta object at 0x000001E15A370AB0>()\n +    where <built-in method total_seconds of datetime.timedelta object at 0x000001E15A370AB0> = datetime.timedelta(seconds=22, microseconds=233150).total_seconds\n +      where datetime.timedelta(seconds=22, microseconds=233150) = <Response [500]>.elapsed", "trace": "self = <servertest.TestSearch object at 0x000001E15A3227D0>\n\n    def test_search_valid_product(self):\n        url = 'https://ivolunteer-app.herokuapp.com/users/login'\n        myobj = {\"Email\": \"Gasasa255@gmail.com\",\"Password\": \"123456\"}\n        x = requests.post(url, data=myobj)\n        assert x.status_code == 500\n>       assert x.elapsed.total_seconds() < 20\nE       assert 22.23315 < 20\nE        +  where 22.23315 = <built-in method total_seconds of datetime.timedelta object at 0x000001E15A370AB0>()\nE        +    where <built-in method total_seconds of datetime.timedelta object at 0x000001E15A370AB0> = datetime.timedelta(seconds=22, microseconds=233150).total_seconds\nE        +      where datetime.timedelta(seconds=22, microseconds=233150) = <Response [500]>.elapsed\n\n..\\..\\Documents\\Project\\ivolunteer_project_POM\\server\\servertest.py:10: AssertionError"}, "start": 1653430260476, "stop": 1653430282713, "uuid": "5951f534-df21-48c0-99d5-82c0773bfb3a", "historyId": "877612e29bbeefad9e92ec322b9444a4", "testCaseId": "6b86d72961c9c9b332bf462f354e3bb3", "fullName": "server.servertest.TestSearch#test_search_valid_product", "labels": [{"name": "parentSuite", "value": "server"}, {"name": "suite", "value": "servertest"}, {"name": "subSuite", "value": "TestSearch"}, {"name": "host", "value": "WINDOWS-L0RHJGT"}, {"name": "thread", "value": "17588-MainThread"}, {"name": "framework", "value": "pytest"}, {"name": "language", "value": "cpython3"}, {"name": "package", "value": "server.servertest"}]}