{"name": "test_search_valid_product", "status": "failed", "statusDetails": {"message": "AssertionError: assert 33.123545 < 20\n +  where 33.123545 = <built-in method total_seconds of datetime.timedelta object at 0x000001AFD2500690>()\n +    where <built-in method total_seconds of datetime.timedelta object at 0x000001AFD2500690> = datetime.timedelta(seconds=33, microseconds=123545).total_seconds\n +      where datetime.timedelta(seconds=33, microseconds=123545) = <Response [500]>.elapsed", "trace": "self = <servertest.TestSearch object at 0x000001AFD24B2860>\n\n    def test_search_valid_product(self):\n        url = 'https://ivolunteer-app.herokuapp.com/users/login'\n        myobj = {\"Email\": \"Gasasa255@gmail.com\",\"Password\": \"123456\"}\n        x = requests.post(url, data=myobj)\n        assert x.status_code == 500\n>       assert x.elapsed.total_seconds() < 20\nE       assert 33.123545 < 20\nE        +  where 33.123545 = <built-in method total_seconds of datetime.timedelta object at 0x000001AFD2500690>()\nE        +    where <built-in method total_seconds of datetime.timedelta object at 0x000001AFD2500690> = datetime.timedelta(seconds=33, microseconds=123545).total_seconds\nE        +      where datetime.timedelta(seconds=33, microseconds=123545) = <Response [500]>.elapsed\n\n..\\..\\Documents\\Project\\ivolunteer_project_POM\\server\\servertest.py:10: AssertionError"}, "start": 1653429360631, "stop": 1653429393759, "uuid": "b5ed3ca7-bac3-4e14-8e8d-6aa812678296", "historyId": "877612e29bbeefad9e92ec322b9444a4", "testCaseId": "6b86d72961c9c9b332bf462f354e3bb3", "fullName": "server.servertest.TestSearch#test_search_valid_product", "labels": [{"name": "parentSuite", "value": "server"}, {"name": "suite", "value": "servertest"}, {"name": "subSuite", "value": "TestSearch"}, {"name": "host", "value": "WINDOWS-L0RHJGT"}, {"name": "thread", "value": "4272-MainThread"}, {"name": "framework", "value": "pytest"}, {"name": "language", "value": "cpython3"}, {"name": "package", "value": "server.servertest"}]}